/data/p275927/USR-VS/contacts/4uuu_dimer_nosolvent_SAM-B.pdb.xml

1.4.5


SAM
SMALLMOLECULE
SAM
C
1548
False

SAM:C:1548

C[S@](C[C@H]1O[C@H]([C@@H]([C@@H]1O)O)n1cnc2c1ncnc2N)CC[C@@H](C(=O)O)N
MMCXBMRNEYDXKG-TWBCTODHSA-N



27
7
1
10
4
0
0
2
7
399.44532
0.009899999999999798


A
B


419B
509B
442B
443B
424B
533B
443A
446B
458B
532B
442A
441B
439A
508B
447B
538B
537B
421B
510B
461B
536B
441A
535B
422B
418B
444A
438A
438B
445B
461A
534B
459B
444B
420B
507B
539B
423B
440A





423
LEU
B
1548
SAM
C
False
2.22
3.21
177.95
False
2726
Npl
1617
O2

-12.757
-1.004
-36.051


-14.169
-3.608
-37.276



423
LEU
B
1548
SAM
C
False
1.87
2.88
176.12
True
1614
Nam
2720
Nar

-10.801
-1.578
-37.210


-11.656
-4.070
-38.381



444
ASP
A
1548
SAM
C
True
1.84
2.78
150.29
False
2703
N3
460
O.co2

-9.863
6.760
-30.538


-9.164
8.216
-28.279



444
ASP
B
1548
SAM
C
False
1.91
2.87
157.62
True
1810
Nam
2719
O.co2

-10.798
4.383
-31.809


-12.297
2.465
-30.296



444
ASP
B
1548
SAM
C
True
2.74
3.63
158.03
False
2719
O.co2
1817
O.co2

-10.798
4.383
-31.809


-11.690
5.890
-28.629



445
GLN
B
1548
SAM
C
True
2.69
3.61
152.61
True
1826
Nam
2706
O.co2

-9.306
4.741
-33.336


-12.750
3.744
-33.781



535
THR
B
1548
SAM
C
False
3.42
4.09
125.68
True
2580
Nam
2717
O3

-7.843
3.952
-37.713


-9.367
7.738
-37.988



535
THR
B
1548
SAM
C
True
3.24
4.05
143.31
True
2586
O3
2717
O3

-7.843
3.952
-37.713


-8.222
7.187
-35.302



538
ASP
B
1548
SAM
C
True
1.78
2.68
151.11
False
2717
O3
2611
O.co2

-7.843
3.952
-37.713


-6.908
6.309
-38.567







443
PHE
B
1548
SAM
C
3.56
3.61
1.00
P

2725
2724
2722
2720
2723
2721


-10.150
-0.492
-36.761


-9.139
-1.389
-33.469



443
PHE
B
1548
SAM
C
3.63
6.90
0.98
P

2724
2728
2729
2723
2727


-10.095
1.332
-35.673


-9.139
-1.389
-33.469








19:2725,14:2724,24:2705,8:2714,4:2712,12:2728,3:2711,21:2708,10:2717,27:2703,22:2707,25:2719,11:2729,16:2722,18:2720,1:2710,15:2723,23:2704,7:2716,5:2713,26:2706,6:2718,13:2727,20:2726,9:2715,17:2721,2:2709


2020/03/22
Salentin,S. et al. PLIP: fully automated protein-ligand interaction profiler. Nucl. Acids Res. (1 July 2015) 43 (W1): W443-W447. doi: 10.1093/nar/gkv315
default
4UUU_DIMER_NOSOLVENT_SAM_B_PROTEIN
PDB
/data/p275927/USR-VS/ligand_pdb/4uuu_dimer_nosolvent_SAM-B.pdb
False
4uuu_dimer_nosolvent_SAM-B.pdb




