ZINC15_9070.sdf
ZINC15_9070
   _______  _______ _________ _        _______ 
  (  ____ \(       )\__   __/( (    /|(  ___  )
  | (    \/| () () |   ) (   |  \  ( || (   ) |
  | (_____ | || || |   | |   |   \ | || (___) |
  (_____  )| |(_)| |   | |   | (\ \) ||  ___  |
        ) || |   | |   | |   | | \   || (   ) |
  /\____) || )   ( |___) (___| )  \  || )   ( |
  \_______)|/     \|\_______/|/    )_)|/     \|


smina is based off AutoDock Vina. Please cite appropriately.

Weights      Terms
-0.035579    gauss(o=0,_w=0.5,_c=8)
-0.005156    gauss(o=3,_w=2,_c=8)
0.840245     repulsion(o=0,_c=8)
-0.035069    hydrophobic(g=0.5,_b=1.5,_c=8)
-0.587439    non_dir_h_bond(g=-0.7,_b=0,_c=8)
1.923        num_tors_div

Using random seed: -1704660607

0%   10   20   30   40   50   60   70   80   90   100%
|----|----|----|----|----|----|----|----|----|----|
***************************************************

mode |   affinity | dist from best mode
     | (kcal/mol) | rmsd l.b.| rmsd u.b.
-----+------------+----------+----------
1       -8.0       0.000      0.000    
2       -7.9       1.408      2.558    
3       -7.4       2.531      5.339    
4       -7.4       1.430      4.052    
5       -7.2       2.799      6.166    
Refine time 21.424
Using random seed: -1704660607

0%   10   20   30   40   50   60   70   80   90   100%
|----|----|----|----|----|----|----|----|----|----|
***************************************************

mode |   affinity | dist from best mode
     | (kcal/mol) | rmsd l.b.| rmsd u.b.
-----+------------+----------+----------
1       -8.6       0.000      0.000    
2       -8.4       2.169      6.101    
3       -8.0       2.875      5.157    
4       -7.9       3.101      6.207    
5       -7.7       2.334      5.693    
Refine time 23.648
Using random seed: -1704660607

0%   10   20   30   40   50   60   70   80   90   100%
|----|----|----|----|----|----|----|----|----|----|
***************************************************

mode |   affinity | dist from best mode
     | (kcal/mol) | rmsd l.b.| rmsd u.b.
-----+------------+----------+----------
1       -7.8       0.000      0.000    
2       -7.4       2.458      6.001    
3       -7.3       2.310      4.264    
4       -7.3       2.556      5.187    
5       -7.2       2.300      6.206    
Refine time 29.135
Using random seed: -1704660607

0%   10   20   30   40   50   60   70   80   90   100%
|----|----|----|----|----|----|----|----|----|----|
***************************************************

mode |   affinity | dist from best mode
     | (kcal/mol) | rmsd l.b.| rmsd u.b.
-----+------------+----------+----------
1       -8.5       0.000      0.000    
2       -8.2       1.548      1.993    
3       -8.0       2.722      5.789    
4       -7.5       2.332      5.498    
5       -7.5       2.475      4.389    
Refine time 20.614
Using random seed: -1704660607

0%   10   20   30   40   50   60   70   80   90   100%
|----|----|----|----|----|----|----|----|----|----|
***************************************************

mode |   affinity | dist from best mode
     | (kcal/mol) | rmsd l.b.| rmsd u.b.
-----+------------+----------+----------
1       -10.6      0.000      0.000    
2       -10.6      2.130      2.616    
3       -9.8       1.457      2.098    
4       -9.0       3.994      7.591    
5       -8.8       4.628      8.045    
Refine time 43.515
Using random seed: -1704660607

0%   10   20   30   40   50   60   70   80   90   100%
|----|----|----|----|----|----|----|----|----|----|
***************************************************

mode |   affinity | dist from best mode
     | (kcal/mol) | rmsd l.b.| rmsd u.b.
-----+------------+----------+----------
1       -7.8       0.000      0.000    
2       -7.5       1.980      6.289    
3       -7.2       2.249      5.855    
4       -7.2       1.813      4.809    
5       -7.1       2.026      6.266    
Refine time 22.524
Using random seed: -1704660607

0%   10   20   30   40   50   60   70   80   90   100%
|----|----|----|----|----|----|----|----|----|----|
***************************************************

mode |   affinity | dist from best mode
     | (kcal/mol) | rmsd l.b.| rmsd u.b.
-----+------------+----------+----------
1       -10.3      0.000      0.000    
2       -10.1      1.064      1.386    
3       -8.8       2.052      5.077    
4       -8.8       1.606      5.507    
5       -8.6       1.898      6.167    
Refine time 39.893
Using random seed: -1704660607

0%   10   20   30   40   50   60   70   80   90   100%
|----|----|----|----|----|----|----|----|----|----|
***************************************************

mode |   affinity | dist from best mode
     | (kcal/mol) | rmsd l.b.| rmsd u.b.
-----+------------+----------+----------
1       -9.7       0.000      0.000    
2       -9.7       0.104      1.816    
3       -9.7       2.293      5.027    
4       -9.6       3.313      6.298    
5       -9.2       3.471      6.752    
Refine time 32.000
Using random seed: -1704660607

0%   10   20   30   40   50   60   70   80   90   100%
|----|----|----|----|----|----|----|----|----|----|
***************************************************

mode |   affinity | dist from best mode
     | (kcal/mol) | rmsd l.b.| rmsd u.b.
-----+------------+----------+----------
1       -9.8       0.000      0.000    
2       -9.6       0.684      1.405    
3       -9.6       1.778      2.406    
4       -9.3       2.198      3.054    
5       -8.9       4.084      7.637    
Refine time 43.941
Using random seed: -1704660607

0%   10   20   30   40   50   60   70   80   90   100%
|----|----|----|----|----|----|----|----|----|----|
***************************************************

mode |   affinity | dist from best mode
     | (kcal/mol) | rmsd l.b.| rmsd u.b.
-----+------------+----------+----------
1       -7.5       0.000      0.000    
2       -7.5       2.450      5.750    
3       -7.4       2.770      6.078    
4       -7.2       1.443      2.221    
5       -7.1       2.620      4.989    
Refine time 34.046
Using random seed: -1704660607

0%   10   20   30   40   50   60   70   80   90   100%
|----|----|----|----|----|----|----|----|----|----|
***************************************************

mode |   affinity | dist from best mode
     | (kcal/mol) | rmsd l.b.| rmsd u.b.
-----+------------+----------+----------
1       -11.7      0.000      0.000    
2       -11.6      2.833      5.524    
3       -11.6      3.003      5.909    
4       -11.6      2.222      2.986    
5       -11.5      3.082      5.751    
Refine time 36.850
Using random seed: -1704660607

0%   10   20   30   40   50   60   70   80   90   100%
|----|----|----|----|----|----|----|----|----|----|
***************************************************

mode |   affinity | dist from best mode
     | (kcal/mol) | rmsd l.b.| rmsd u.b.
-----+------------+----------+----------
1       -10.2      0.000      0.000    
2       -9.6       1.337      1.813    
3       -9.2       1.981      4.997    
4       -9.0       2.571      5.848    
5       -9.0       2.566      5.203    
Refine time 30.003
Using random seed: -1704660607

0%   10   20   30   40   50   60   70   80   90   100%
|----|----|----|----|----|----|----|----|----|----|
***************************************************

mode |   affinity | dist from best mode
     | (kcal/mol) | rmsd l.b.| rmsd u.b.
-----+------------+----------+----------
1       -7.6       0.000      0.000    
2       -7.6       2.005      5.784    
3       -7.4       2.334      5.344    
4       -7.4       0.971      2.254    
5       -7.2       2.169      4.463    
Refine time 34.380
Using random seed: -1704660607

0%   10   20   30   40   50   60   70   80   90   100%
|----|----|----|----|----|----|----|----|----|----|
***************************************************

mode |   affinity | dist from best mode
     | (kcal/mol) | rmsd l.b.| rmsd u.b.
-----+------------+----------+----------
1       -10.5      0.000      0.000    
2       -9.9       3.103      6.346    
3       -9.4       2.175      6.677    
4       -9.3       2.595      7.523    
5       -9.3       2.323      5.772    
Refine time 34.953
Using random seed: -1704660607

0%   10   20   30   40   50   60   70   80   90   100%
|----|----|----|----|----|----|----|----|----|----|
***************************************************

mode |   affinity | dist from best mode
     | (kcal/mol) | rmsd l.b.| rmsd u.b.
-----+------------+----------+----------
1       -10.5      0.000      0.000    
2       -10.3      0.940      1.222    
3       -9.8       2.395      5.035    
4       -9.6       1.807      5.160    
5       -9.5       2.282      5.932    
Refine time 26.245
Using random seed: -1704660607

0%   10   20   30   40   50   60   70   80   90   100%
|----|----|----|----|----|----|----|----|----|----|
***************************************************

mode |   affinity | dist from best mode
     | (kcal/mol) | rmsd l.b.| rmsd u.b.
-----+------------+----------+----------
1       -9.6       0.000      0.000    
2       -9.5       3.526      7.647    
3       -9.4       3.510      4.159    
4       -9.3       3.863      5.012    
5       -9.3       2.217      2.873    
Refine time 25.951
Using random seed: -1704660607

0%   10   20   30   40   50   60   70   80   90   100%
|----|----|----|----|----|----|----|----|----|----|
***************************************************

mode |   affinity | dist from best mode
     | (kcal/mol) | rmsd l.b.| rmsd u.b.
-----+------------+----------+----------
1       -9.8       0.000      0.000    
2       -9.4       3.449      4.940    
3       -9.2       1.623      2.023    
4       -9.2       1.495      2.579    
5       -9.0       3.587      5.476    
Refine time 36.467
Using random seed: -1704660607

0%   10   20   30   40   50   60   70   80   90   100%
|----|----|----|----|----|----|----|----|----|----|
***************************************************

mode |   affinity | dist from best mode
     | (kcal/mol) | rmsd l.b.| rmsd u.b.
-----+------------+----------+----------
1       -9.6       0.000      0.000    
2       -9.6       3.012      6.402    
3       -9.5       2.781      6.411    
4       -9.3       2.927      6.234    
5       -9.3       3.088      5.925    
Refine time 36.163
Using random seed: -1704660607

0%   10   20   30   40   50   60   70   80   90   100%
|----|----|----|----|----|----|----|----|----|----|
***************************************************

mode |   affinity | dist from best mode
     | (kcal/mol) | rmsd l.b.| rmsd u.b.
-----+------------+----------+----------
1       -9.1       0.000      0.000    
2       -8.6       1.721      2.215    
3       -8.6       3.321      6.744    
4       -7.6       3.326      8.307    
5       -7.4       4.198      6.310    
Refine time 40.160
Using random seed: -1704660607

0%   10   20   30   40   50   60   70   80   90   100%
|----|----|----|----|----|----|----|----|----|----|
***************************************************

mode |   affinity | dist from best mode
     | (kcal/mol) | rmsd l.b.| rmsd u.b.
-----+------------+----------+----------
1       -9.6       0.000      0.000    
2       -9.3       2.859      5.313    
3       -9.2       2.889      5.466    
4       -9.0       1.307      2.422    
5       -8.8       3.895      7.559    
Refine time 35.894
Using random seed: -1704660607

0%   10   20   30   40   50   60   70   80   90   100%
|----|----|----|----|----|----|----|----|----|----|
***************************************************

mode |   affinity | dist from best mode
     | (kcal/mol) | rmsd l.b.| rmsd u.b.
-----+------------+----------+----------
1       -10.2      0.000      0.000    
2       -9.8       2.980      5.310    
3       -9.6       3.595      6.722    
4       -9.3       1.164      2.244    
5       -9.0       2.675      4.989    
Refine time 31.988
Using random seed: -1704660607

0%   10   20   30   40   50   60   70   80   90   100%
|----|----|----|----|----|----|----|----|----|----|
***************************************************

mode |   affinity | dist from best mode
     | (kcal/mol) | rmsd l.b.| rmsd u.b.
-----+------------+----------+----------
1       -9.9       0.000      0.000    
2       -9.6       3.651      6.080    
3       -9.6       1.452      2.248    
4       -9.4       3.729      6.013    
5       -9.4       2.247      4.686    
Refine time 33.722
Using random seed: -1704660607

0%   10   20   30   40   50   60   70   80   90   100%
|----|----|----|----|----|----|----|----|----|----|
***************************************************

mode |   affinity | dist from best mode
     | (kcal/mol) | rmsd l.b.| rmsd u.b.
-----+------------+----------+----------
1       -8.0       0.000      0.000    
2       -7.6       2.222      6.625    
3       -7.3       2.340      6.162    
4       -7.3       1.463      2.081    
5       -7.2       2.109      5.453    
Refine time 27.930
Using random seed: -1704660607

0%   10   20   30   40   50   60   70   80   90   100%
|----|----|----|----|----|----|----|----|----|----|
***************************************************

mode |   affinity | dist from best mode
     | (kcal/mol) | rmsd l.b.| rmsd u.b.
-----+------------+----------+----------
1       -10.4      0.000      0.000    
2       -9.7       2.769      5.185    
3       -9.6       2.323      6.089    
4       -9.5       2.384      6.843    
5       -9.5       2.946      5.877    
Refine time 29.299
Using random seed: -1704660607

0%   10   20   30   40   50   60   70   80   90   100%
|----|----|----|----|----|----|----|----|----|----|
***************************************************

mode |   affinity | dist from best mode
     | (kcal/mol) | rmsd l.b.| rmsd u.b.
-----+------------+----------+----------
1       -9.9       0.000      0.000    
2       -9.4       0.962      1.275    
3       -9.4       1.750      4.600    
4       -9.1       2.587      5.943    
5       -8.8       1.993      5.392    
Refine time 21.205
Using random seed: -1704660607

0%   10   20   30   40   50   60   70   80   90   100%
|----|----|----|----|----|----|----|----|----|----|
***************************************************

mode |   affinity | dist from best mode
     | (kcal/mol) | rmsd l.b.| rmsd u.b.
-----+------------+----------+----------
1       -10.1      0.000      0.000    
2       -9.9       1.058      1.397    
3       -9.2       1.694      2.508    
4       -9.1       2.202      5.257    
5       -8.9       2.113      5.456    
Refine time 36.831
Using random seed: -1704660607

0%   10   20   30   40   50   60   70   80   90   100%
|----|----|----|----|----|----|----|----|----|----|
***************************************************

mode |   affinity | dist from best mode
     | (kcal/mol) | rmsd l.b.| rmsd u.b.
-----+------------+----------+----------
1       -10.9      0.000      0.000    
2       -10.5      0.740      2.080    
3       -10.5      1.864      3.027    
4       -10.2      2.312      2.951    
5       -10.1      4.202      6.671    
Refine time 32.171
Using random seed: -1704660607

0%   10   20   30   40   50   60   70   80   90   100%
|----|----|----|----|----|----|----|----|----|----|
***************************************************

mode |   affinity | dist from best mode
     | (kcal/mol) | rmsd l.b.| rmsd u.b.
-----+------------+----------+----------
1       -11.3      0.000      0.000    
2       -11.3      0.060      1.467    
3       -11.0      2.298      5.431    
4       -11.0      2.299      5.501    
5       -10.9      1.468      2.040    
Refine time 29.936
Using random seed: -1704660607

0%   10   20   30   40   50   60   70   80   90   100%
|----|----|----|----|----|----|----|----|----|----|
***************************************************

mode |   affinity | dist from best mode
     | (kcal/mol) | rmsd l.b.| rmsd u.b.
-----+------------+----------+----------
1       -8.3       0.000      0.000    
2       -8.2       2.497      5.981    
3       -8.2       1.292      2.256    
4       -7.9       3.152      4.979    
5       -7.9       2.638      5.615    
Refine time 24.623
Using random seed: -1704660607

0%   10   20   30   40   50   60   70   80   90   100%
|----|----|----|----|----|----|----|----|----|----|
***************************************************

mode |   affinity | dist from best mode
     | (kcal/mol) | rmsd l.b.| rmsd u.b.
-----+------------+----------+----------
1       -8.0       0.000      0.000    
2       -7.8       1.394      2.489    
3       -7.7       2.747      5.344    
4       -7.6       3.175      6.201    
5       -7.3       2.488      5.342    
Refine time 25.625
Using random seed: -1704660607

0%   10   20   30   40   50   60   70   80   90   100%
|----|----|----|----|----|----|----|----|----|----|
***************************************************

mode |   affinity | dist from best mode
     | (kcal/mol) | rmsd l.b.| rmsd u.b.
-----+------------+----------+----------
1       -10.3      0.000      0.000    
2       -10.1      1.327      2.008    
3       -9.5       3.217      6.282    
4       -9.4       2.755      5.460    
5       -9.3       3.178      5.427    
Refine time 27.174
Using random seed: -1704660607

0%   10   20   30   40   50   60   70   80   90   100%
|----|----|----|----|----|----|----|----|----|----|
***************************************************

mode |   affinity | dist from best mode
     | (kcal/mol) | rmsd l.b.| rmsd u.b.
-----+------------+----------+----------
1       -8.6       0.000      0.000    
2       -8.2       2.028      5.367    
3       -8.1       0.731      1.069    
4       -8.0       2.471      6.031    
5       -7.9       2.378      6.305    
Refine time 39.272
Using random seed: -1704660607

0%   10   20   30   40   50   60   70   80   90   100%
|----|----|----|----|----|----|----|----|----|----|
***************************************************

mode |   affinity | dist from best mode
     | (kcal/mol) | rmsd l.b.| rmsd u.b.
-----+------------+----------+----------
1       -10.0      0.000      0.000    
2       -9.5       3.789      6.053    
3       -9.5       3.806      5.947    
4       -9.5       1.463      2.237    
5       -9.4       1.694      2.146    
Refine time 35.608
Using random seed: -1704660607

0%   10   20   30   40   50   60   70   80   90   100%
|----|----|----|----|----|----|----|----|----|----|
***************************************************

mode |   affinity | dist from best mode
     | (kcal/mol) | rmsd l.b.| rmsd u.b.
-----+------------+----------+----------
1       -9.0       0.000      0.000    
2       -9.0       2.169      3.518    
3       -8.6       3.376      7.125    
4       -8.4       2.894      6.685    
5       -8.4       2.929      6.256    
Refine time 29.360
Using random seed: -1704660607

0%   10   20   30   40   50   60   70   80   90   100%
|----|----|----|----|----|----|----|----|----|----|
***************************************************

mode |   affinity | dist from best mode
     | (kcal/mol) | rmsd l.b.| rmsd u.b.
-----+------------+----------+----------
1       -10.3      0.000      0.000    
2       -10.1      2.940      6.299    
3       -9.5       2.141      4.668    
4       -8.7       2.111      4.064    
5       -8.6       3.496      6.487    
Refine time 30.846
Using random seed: -1704660607

0%   10   20   30   40   50   60   70   80   90   100%
|----|----|----|----|----|----|----|----|----|----|
***************************************************

mode |   affinity | dist from best mode
     | (kcal/mol) | rmsd l.b.| rmsd u.b.
-----+------------+----------+----------
1       -8.6       0.000      0.000    
2       -8.1       2.608      5.589    
3       -8.0       2.550      5.709    
4       -7.3       2.715      6.220    
5       -7.2       3.322      7.051    
Refine time 35.457
Using random seed: -1704660607

0%   10   20   30   40   50   60   70   80   90   100%
|----|----|----|----|----|----|----|----|----|----|
***************************************************

mode |   affinity | dist from best mode
     | (kcal/mol) | rmsd l.b.| rmsd u.b.
-----+------------+----------+----------
1       -9.4       0.000      0.000    
2       -9.0       2.289      4.881    
3       -9.0       3.126      4.812    
4       -8.8       2.616      4.973    
5       -8.8       1.710      2.643    
Refine time 39.530
Using random seed: -1704660607

0%   10   20   30   40   50   60   70   80   90   100%
|----|----|----|----|----|----|----|----|----|----|
***************************************************

mode |   affinity | dist from best mode
     | (kcal/mol) | rmsd l.b.| rmsd u.b.
-----+------------+----------+----------
1       -11.2      0.000      0.000    
2       -11.1      2.355      5.441    
3       -10.9      1.420      2.383    
4       -10.4      1.816      5.076    
5       -10.3      2.034      5.889    
Refine time 29.009
Using random seed: -1704660607

0%   10   20   30   40   50   60   70   80   90   100%
|----|----|----|----|----|----|----|----|----|----|
***************************************************

mode |   affinity | dist from best mode
     | (kcal/mol) | rmsd l.b.| rmsd u.b.
-----+------------+----------+----------
1       -9.2       0.000      0.000    
2       -9.2       1.150      1.626    
3       -9.1       2.501      6.306    
4       -9.0       2.009      3.142    
5       -8.8       1.876      6.010    
Refine time 26.429
Using random seed: -1704660607

0%   10   20   30   40   50   60   70   80   90   100%
|----|----|----|----|----|----|----|----|----|----|
***************************************************

mode |   affinity | dist from best mode
     | (kcal/mol) | rmsd l.b.| rmsd u.b.
-----+------------+----------+----------
1       -9.5       0.000      0.000    
2       -9.4       3.251      6.494    
3       -9.3       2.667      5.888    
4       -9.2       2.882      6.352    
5       -9.1       1.792      4.581    
Refine time 24.734
Using random seed: -1704660607

0%   10   20   30   40   50   60   70   80   90   100%
|----|----|----|----|----|----|----|----|----|----|
***************************************************

mode |   affinity | dist from best mode
     | (kcal/mol) | rmsd l.b.| rmsd u.b.
-----+------------+----------+----------
1       -8.5       0.000      0.000    
2       -8.5       1.118      1.880    
3       -8.0       2.509      6.220    
4       -8.0       3.173      6.089    
5       -7.9       3.291      6.376    
Refine time 23.834
Using random seed: -1704660607

0%   10   20   30   40   50   60   70   80   90   100%
|----|----|----|----|----|----|----|----|----|----|
***************************************************

mode |   affinity | dist from best mode
     | (kcal/mol) | rmsd l.b.| rmsd u.b.
-----+------------+----------+----------
1       -8.3       0.000      0.000    
2       -8.2       0.961      1.341    
3       -7.7       2.575      5.931    
4       -7.5       2.608      6.713    
5       -7.5       2.359      6.719    
Refine time 30.323
Using random seed: -1704660607

0%   10   20   30   40   50   60   70   80   90   100%
|----|----|----|----|----|----|----|----|----|----|
***************************************************

mode |   affinity | dist from best mode
     | (kcal/mol) | rmsd l.b.| rmsd u.b.
-----+------------+----------+----------
1       -7.9       0.000      0.000    
2       -7.6       2.426      5.970    
3       -7.4       2.492      5.217    
4       -7.2       2.406      4.482    
5       -7.1       2.387      6.328    
Refine time 31.518
Using random seed: -1704660607

0%   10   20   30   40   50   60   70   80   90   100%
|----|----|----|----|----|----|----|----|----|----|
***************************************************

mode |   affinity | dist from best mode
     | (kcal/mol) | rmsd l.b.| rmsd u.b.
-----+------------+----------+----------
1       -9.0       0.000      0.000    
2       -8.8       2.294      5.870    
3       -8.7       1.956      3.987    
4       -8.6       2.032      5.794    
5       -8.5       2.515      5.558    
Refine time 26.358
Using random seed: -1704660607

0%   10   20   30   40   50   60   70   80   90   100%
|----|----|----|----|----|----|----|----|----|----|
***************************************************

mode |   affinity | dist from best mode
     | (kcal/mol) | rmsd l.b.| rmsd u.b.
-----+------------+----------+----------
1       -9.7       0.000      0.000    
2       -9.6       1.758      2.287    
3       -9.5       3.847      7.039    
4       -9.5       2.831      6.267    
5       -9.4       2.810      5.914    
Refine time 33.808
Using random seed: -1704660607

0%   10   20   30   40   50   60   70   80   90   100%
|----|----|----|----|----|----|----|----|----|----|
***************************************************

mode |   affinity | dist from best mode
     | (kcal/mol) | rmsd l.b.| rmsd u.b.
-----+------------+----------+----------
1       -8.7       0.000      0.000    
2       -8.6       2.142      3.597    
3       -8.4       2.760      6.398    
4       -8.4       3.248      7.145    
5       -8.2       1.904      3.515    
Refine time 36.304
Using random seed: -1704660607

0%   10   20   30   40   50   60   70   80   90   100%
|----|----|----|----|----|----|----|----|----|----|
***************************************************

mode |   affinity | dist from best mode
     | (kcal/mol) | rmsd l.b.| rmsd u.b.
-----+------------+----------+----------
1       -8.0       0.000      0.000    
2       -7.7       2.241      6.282    
3       -7.6       2.296      5.847    
4       -7.2       2.447      6.231    
5       -7.1       2.311      5.900    
Refine time 28.585
Using random seed: -1704660607

0%   10   20   30   40   50   60   70   80   90   100%
|----|----|----|----|----|----|----|----|----|----|
***************************************************

mode |   affinity | dist from best mode
     | (kcal/mol) | rmsd l.b.| rmsd u.b.
-----+------------+----------+----------
1       -10.2      0.000      0.000    
2       -9.9       2.086      4.068    
3       -9.9       1.850      4.012    
4       -9.8       1.748      2.371    
5       -9.7       1.914      3.923    
Refine time 35.016
Using random seed: -1704660607

0%   10   20   30   40   50   60   70   80   90   100%
|----|----|----|----|----|----|----|----|----|----|
***************************************************

mode |   affinity | dist from best mode
     | (kcal/mol) | rmsd l.b.| rmsd u.b.
-----+------------+----------+----------
1       -10.5      0.000      0.000    
2       -10.2      1.114      2.387    
3       -10.2      2.707      6.473    
4       -10.1      2.944      6.113    
5       -10.0      2.973      6.157    
Refine time 37.761
Using random seed: -1704660607

0%   10   20   30   40   50   60   70   80   90   100%
|----|----|----|----|----|----|----|----|----|----|
***************************************************

mode |   affinity | dist from best mode
     | (kcal/mol) | rmsd l.b.| rmsd u.b.
-----+------------+----------+----------
1       -9.9       0.000      0.000    
2       -9.6       1.080      1.359    
3       -8.9       2.157      5.435    
4       -8.9       2.344      5.190    
5       -8.7       2.208      5.125    
Refine time 53.926
Using random seed: -1704660607

0%   10   20   30   40   50   60   70   80   90   100%
|----|----|----|----|----|----|----|----|----|----|
***************************************************

mode |   affinity | dist from best mode
     | (kcal/mol) | rmsd l.b.| rmsd u.b.
-----+------------+----------+----------
1       -9.9       0.000      0.000    
2       -9.9       3.051      6.289    
3       -9.8       2.992      6.055    
4       -9.4       3.493      5.792    
5       -9.4       2.422      4.619    
Refine time 33.425
Using random seed: -1704660607

0%   10   20   30   40   50   60   70   80   90   100%
|----|----|----|----|----|----|----|----|----|----|
***************************************************

mode |   affinity | dist from best mode
     | (kcal/mol) | rmsd l.b.| rmsd u.b.
-----+------------+----------+----------
1       -8.7       0.000      0.000    
2       -8.5       2.169      5.728    
3       -8.5       2.019      5.684    
4       -8.4       1.958      4.091    
5       -8.3       2.493      5.488    
Refine time 27.013
Using random seed: -1704660607

0%   10   20   30   40   50   60   70   80   90   100%
|----|----|----|----|----|----|----|----|----|----|
***************************************************

mode |   affinity | dist from best mode
     | (kcal/mol) | rmsd l.b.| rmsd u.b.
-----+------------+----------+----------
1       -9.2       0.000      0.000    
2       -8.9       2.255      6.362    
3       -8.7       2.449      6.010    
4       -8.6       2.241      6.175    
5       -8.3       2.085      3.668    
Refine time 34.476
Using random seed: -1704660607

0%   10   20   30   40   50   60   70   80   90   100%
|----|----|----|----|----|----|----|----|----|----|
***************************************************

mode |   affinity | dist from best mode
     | (kcal/mol) | rmsd l.b.| rmsd u.b.
-----+------------+----------+----------
1       -7.6       0.000      0.000    
2       -7.6       1.124      1.884    
3       -7.5       2.396      6.332    
4       -7.4       2.592      6.084    
5       -7.1       2.652      4.955    
Refine time 32.616
Using random seed: -1704660607

0%   10   20   30   40   50   60   70   80   90   100%
|----|----|----|----|----|----|----|----|----|----|
***************************************************

mode |   affinity | dist from best mode
     | (kcal/mol) | rmsd l.b.| rmsd u.b.
-----+------------+----------+----------
1       -8.4       0.000      0.000    
2       -7.8       2.392      6.307    
3       -7.8       2.270      6.228    
4       -7.7       3.553      6.456    
5       -7.7       2.882      5.610    
Refine time 18.778
Using random seed: -1704660607

0%   10   20   30   40   50   60   70   80   90   100%
|----|----|----|----|----|----|----|----|----|----|
***************************************************

mode |   affinity | dist from best mode
     | (kcal/mol) | rmsd l.b.| rmsd u.b.
-----+------------+----------+----------
1       -9.6       0.000      0.000    
2       -9.3       1.546      2.715    
3       -9.2       3.000      6.421    
4       -9.1       2.764      5.305    
5       -9.1       2.067      3.001    
Refine time 39.215
Using random seed: -1704660607

0%   10   20   30   40   50   60   70   80   90   100%
|----|----|----|----|----|----|----|----|----|----|
***************************************************

mode |   affinity | dist from best mode
     | (kcal/mol) | rmsd l.b.| rmsd u.b.
-----+------------+----------+----------
1       -11.6      0.000      0.000    
2       -11.0      0.939      2.309    
3       -10.7      1.662      4.747    
4       -10.5      1.566      4.844    
5       -10.3      2.077      6.268    
Refine time 35.448
Using random seed: -1704660607

0%   10   20   30   40   50   60   70   80   90   100%
|----|----|----|----|----|----|----|----|----|----|
***************************************************

mode |   affinity | dist from best mode
     | (kcal/mol) | rmsd l.b.| rmsd u.b.
-----+------------+----------+----------
1       -8.4       0.000      0.000    
2       -7.8       2.444      6.132    
3       -7.8       2.714      5.624    
4       -7.6       1.366      1.763    
5       -7.2       2.909      5.760    
Refine time 35.693
Using random seed: -1704660607

0%   10   20   30   40   50   60   70   80   90   100%
|----|----|----|----|----|----|----|----|----|----|
***************************************************

mode |   affinity | dist from best mode
     | (kcal/mol) | rmsd l.b.| rmsd u.b.
-----+------------+----------+----------
1       -10.0      0.000      0.000    
2       -10.0      0.244      1.722    
3       -9.1       3.808      5.158    
4       -8.8       2.952      5.274    
5       -8.7       4.832      10.106   
Refine time 35.111
Using random seed: -1704660607

0%   10   20   30   40   50   60   70   80   90   100%
|----|----|----|----|----|----|----|----|----|----|
***************************************************

mode |   affinity | dist from best mode
     | (kcal/mol) | rmsd l.b.| rmsd u.b.
-----+------------+----------+----------
1       -8.7       0.000      0.000    
2       -8.1       1.689      2.307    
3       -8.1       2.529      4.143    
4       -8.0       3.009      5.870    
5       -7.9       0.963      1.961    
Refine time 44.008
Using random seed: -1704660607

0%   10   20   30   40   50   60   70   80   90   100%
|----|----|----|----|----|----|----|----|----|----|
***************************************************

mode |   affinity | dist from best mode
     | (kcal/mol) | rmsd l.b.| rmsd u.b.
-----+------------+----------+----------
1       -8.8       0.000      0.000    
2       -8.6       2.013      3.446    
3       -8.4       2.434      3.739    
4       -8.1       2.767      6.133    
5       -7.9       2.609      6.055    
Refine time 34.574
Using random seed: -1704660607

0%   10   20   30   40   50   60   70   80   90   100%
|----|----|----|----|----|----|----|----|----|----|
***************************************************

mode |   affinity | dist from best mode
     | (kcal/mol) | rmsd l.b.| rmsd u.b.
-----+------------+----------+----------
1       -9.1       0.000      0.000    
2       -8.7       2.105      3.411    
3       -8.4       2.265      3.341    
4       -8.3       3.152      6.500    
5       -8.3       3.176      5.077    
Refine time 42.533
Using random seed: -1704660607

0%   10   20   30   40   50   60   70   80   90   100%
|----|----|----|----|----|----|----|----|----|----|
***************************************************

mode |   affinity | dist from best mode
     | (kcal/mol) | rmsd l.b.| rmsd u.b.
-----+------------+----------+----------
1       -10.2      0.000      0.000    
2       -10.0      1.189      1.918    
3       -9.4       1.525      2.487    
4       -9.3       3.291      6.404    
5       -9.3       2.658      5.019    
Refine time 34.362
Using random seed: -1704660607

0%   10   20   30   40   50   60   70   80   90   100%
|----|----|----|----|----|----|----|----|----|----|
***************************************************

mode |   affinity | dist from best mode
     | (kcal/mol) | rmsd l.b.| rmsd u.b.
-----+------------+----------+----------
1       -8.5       0.000      0.000    
2       -7.7       2.795      5.798    
3       -7.6       2.551      4.185    
4       -7.6       2.643      5.326    
5       -7.5       2.772      5.785    
Refine time 21.105
Using random seed: -1704660607

0%   10   20   30   40   50   60   70   80   90   100%
|----|----|----|----|----|----|----|----|----|----|
***************************************************

mode |   affinity | dist from best mode
     | (kcal/mol) | rmsd l.b.| rmsd u.b.
-----+------------+----------+----------
1       -8.6       0.000      0.000    
2       -8.5       2.114      3.526    
3       -8.4       3.163      6.870    
4       -8.1       2.685      6.191    
5       -8.0       2.781      6.447    
Refine time 30.638
Using random seed: -1704660607

0%   10   20   30   40   50   60   70   80   90   100%
|----|----|----|----|----|----|----|----|----|----|
***************************************************

mode |   affinity | dist from best mode
     | (kcal/mol) | rmsd l.b.| rmsd u.b.
-----+------------+----------+----------
1       -10.4      0.000      0.000    
2       -10.1      3.159      9.755    
3       -10.1      2.494      3.760    
4       -9.9       2.238      3.064    
5       -9.9       2.374      4.792    
Refine time 31.385
Using random seed: -1704660607

0%   10   20   30   40   50   60   70   80   90   100%
|----|----|----|----|----|----|----|----|----|----|
***************************************************

mode |   affinity | dist from best mode
     | (kcal/mol) | rmsd l.b.| rmsd u.b.
-----+------------+----------+----------
1       -10.2      0.000      0.000    
2       -9.7       2.122      4.678    
3       -9.5       2.397      5.218    
4       -9.1       2.748      5.808    
5       -9.1       2.792      5.283    
Refine time 32.016
Using random seed: -1704660607

0%   10   20   30   40   50   60   70   80   90   100%
|----|----|----|----|----|----|----|----|----|----|
***************************************************

mode |   affinity | dist from best mode
     | (kcal/mol) | rmsd l.b.| rmsd u.b.
-----+------------+----------+----------
1       -9.2       0.000      0.000    
2       -9.0       2.930      7.638    
3       -9.0       2.737      4.975    
4       -8.8       3.152      4.838    
5       -8.6       3.110      5.984    
Refine time 39.954
Using random seed: -1704660607

0%   10   20   30   40   50   60   70   80   90   100%
|----|----|----|----|----|----|----|----|----|----|
***************************************************

mode |   affinity | dist from best mode
     | (kcal/mol) | rmsd l.b.| rmsd u.b.
-----+------------+----------+----------
1       -9.5       0.000      0.000    
2       -9.1       3.016      5.377    
3       -8.9       2.320      4.856    
4       -8.6       1.702      2.437    
5       -8.6       1.824      3.779    
Refine time 35.478
Using random seed: -1704660607

0%   10   20   30   40   50   60   70   80   90   100%
|----|----|----|----|----|----|----|----|----|----|
***************************************************

mode |   affinity | dist from best mode
     | (kcal/mol) | rmsd l.b.| rmsd u.b.
-----+------------+----------+----------
1       -10.3      0.000      0.000    
2       -9.7       2.457      5.101    
3       -9.7       2.973      5.924    
4       -9.6       1.959      5.591    
5       -9.5       1.900      4.691    
Refine time 29.238
Using random seed: -1704660607

0%   10   20   30   40   50   60   70   80   90   100%
|----|----|----|----|----|----|----|----|----|----|
***************************************************

mode |   affinity | dist from best mode
     | (kcal/mol) | rmsd l.b.| rmsd u.b.
-----+------------+----------+----------
1       -8.1       0.000      0.000    
2       -7.6       2.450      6.187    
3       -7.4       2.187      6.769    
4       -7.4       2.460      5.482    
5       -7.3       2.001      5.255    
Refine time 33.440
Using random seed: -1704660607

0%   10   20   30   40   50   60   70   80   90   100%
|----|----|----|----|----|----|----|----|----|----|
***************************************************

mode |   affinity | dist from best mode
     | (kcal/mol) | rmsd l.b.| rmsd u.b.
-----+------------+----------+----------
1       -8.6       0.000      0.000    
2       -8.5       0.810      1.632    
3       -8.3       1.788      6.588    
4       -8.3       2.026      6.428    
5       -8.2       2.588      5.294    
Refine time 46.494
Using random seed: -1704660607

0%   10   20   30   40   50   60   70   80   90   100%
|----|----|----|----|----|----|----|----|----|----|
***************************************************

mode |   affinity | dist from best mode
     | (kcal/mol) | rmsd l.b.| rmsd u.b.
-----+------------+----------+----------
1       -10.5      0.000      0.000    
2       -10.3      2.768      6.503    
3       -10.2      3.190      6.166    
4       -10.1      3.113      6.101    
5       -10.1      3.148      6.681    
Refine time 41.817
Using random seed: -1704660607

0%   10   20   30   40   50   60   70   80   90   100%
|----|----|----|----|----|----|----|----|----|----|
*****************************************